# JRE version: OpenJDK Runtime Environment (21.0.4) (build 21.0.4+-12508038-b607.1)
# Java VM: OpenJDK 64-Bit Server VM (21.0.4+-12508038-b607.1, mixed mode, tiered, compressed oops, compressed class ptrs, g1 gc, windows-amd64)
GC Precious Log:
 CardTable entry size: 512
 Card Set container configuration: InlinePtr #cards 5 size 8 Array Of Cards #cards 12 size 40 Howl #buckets 4 coarsen threshold 1843 Howl Bitmap #cards 512 size 80 coarsen threshold 460 Card regions per heap region 1 cards per card region 2048
 CPUs: 8 total, 8 available
 Memory: 48989M
 Large Page Support: Disabled
 NUMA Support: Disabled
 Compressed Oops: Enabled (32-bit)
 Heap Region Size: 1M
 Heap Min Capacity: 8M
 Heap Initial Capacity: 766M
 Heap Max Capacity: 2G
 Pre-touch: Disabled
 Parallel Workers: 8
 Concurrent Workers: 2
 Concurrent Refinement Workers: 8
 Periodic GC: Disabled
Heap:
 garbage-first heap   total 336896K, used 331506K [0x0000000080000000, 0x0000000100000000)
  region size 1024K, 97 young (99328K), 5 survivors (5120K)
 Metaspace       used 158272K, committed 160704K, reserved 1245184K
  class space    used 20842K, committed 22080K, reserved 1048576K
GC Heap History (20 events):
Event: 14.250 GC heap before
{Heap before GC invocations=23 (full 0):
 garbage-first heap   total 280576K, used 253952K [0x0000000080000000, 0x0000000100000000)
  region size 1024K, 134 young (137216K), 8 survivors (8192K)
 Metaspace       used 117181K, committed 119296K, reserved 1179648K
  class space    used 15786K, committed 16832K, reserved 1048576K
}
Event: 14.256 GC heap after
{Heap after GC invocations=24 (full 0):
 garbage-first heap   total 280576K, used 130255K [0x0000000080000000, 0x0000000100000000)
  region size 1024K, 13 young (13312K), 13 survivors (13312K)
 Metaspace       used 117181K, committed 119296K, reserved 1179648K
  class space    used 15786K, committed 16832K, reserved 1048576K
}
Event: 14.942 GC heap before
{Heap before GC invocations=25 (full 0):
 garbage-first heap   total 280576K, used 250063K [0x0000000080000000, 0x0000000100000000)
  region size 1024K, 131 young (134144K), 13 survivors (13312K)
 Metaspace       used 117647K, committed 119872K, reserved 1179648K
  class space    used 15834K, committed 16960K, reserved 1048576K
}
Event: 14.949 GC heap after
{Heap after GC invocations=26 (full 0):
 garbage-first heap   total 280576K, used 134144K [0x0000000080000000, 0x0000000100000000)
  region size 1024K, 11 young (11264K), 11 survivors (11264K)
 Metaspace       used 117647K, committed 119872K, reserved 1179648K
  class space    used 15834K, committed 16960K, reserved 1048576K
}
Event: 112.295 GC heap before
{Heap before GC invocations=26 (full 0):
 garbage-first heap   total 280576K, used 252928K [0x0000000080000000, 0x0000000100000000)
  region size 1024K, 128 young (131072K), 11 survivors (11264K)
 Metaspace       used 123672K, committed 125888K, reserved 1179648K
  class space    used 16389K, committed 17536K, reserved 1048576K
}
Event: 112.302 GC heap after
{Heap after GC invocations=27 (full 0):
 garbage-first heap   total 280576K, used 132466K [0x0000000080000000, 0x0000000100000000)
  region size 1024K, 10 young (10240K), 10 survivors (10240K)
 Metaspace       used 123672K, committed 125888K, reserved 1179648K
  class space    used 16389K, committed 17536K, reserved 1048576K
}
Event: 113.220 GC heap before
{Heap before GC invocations=27 (full 0):
 garbage-first heap   total 280576K, used 252274K [0x0000000080000000, 0x0000000100000000)
  region size 1024K, 128 young (131072K), 10 survivors (10240K)
 Metaspace       used 124257K, committed 126464K, reserved 1179648K
  class space    used 16391K, committed 17536K, reserved 1048576K
}
Event: 113.230 GC heap after
{Heap after GC invocations=28 (full 0):
 garbage-first heap   total 280576K, used 144256K [0x0000000080000000, 0x0000000100000000)
  region size 1024K, 16 young (16384K), 16 survivors (16384K)
 Metaspace       used 124257K, committed 126464K, reserved 1179648K
  class space    used 16391K, committed 17536K, reserved 1048576K
}
Event: 114.309 GC heap before
{Heap before GC invocations=29 (full 0):
 garbage-first heap   total 280576K, used 247680K [0x0000000080000000, 0x0000000100000000)
  region size 1024K, 118 young (120832K), 16 survivors (16384K)
 Metaspace       used 127504K, committed 129792K, reserved 1179648K
  class space    used 16788K, committed 17984K, reserved 1048576K
}
Event: 114.323 GC heap after
{Heap after GC invocations=30 (full 0):
 garbage-first heap   total 280576K, used 154209K [0x0000000080000000, 0x0000000100000000)
  region size 1024K, 9 young (9216K), 9 survivors (9216K)
 Metaspace       used 127504K, committed 129792K, reserved 1179648K
  class space    used 16788K, committed 17984K, reserved 1048576K
}
Event: 116.345 GC heap before
{Heap before GC invocations=30 (full 0):
 garbage-first heap   total 319488K, used 316001K [0x0000000080000000, 0x0000000100000000)
  region size 1024K, 106 young (108544K), 9 survivors (9216K)
 Metaspace       used 130422K, committed 132736K, reserved 1179648K
  class space    used 17127K, committed 18304K, reserved 1048576K
}
Event: 116.355 GC heap after
{Heap after GC invocations=31 (full 0):
 garbage-first heap   total 334848K, used 157464K [0x0000000080000000, 0x0000000100000000)
  region size 1024K, 7 young (7168K), 7 survivors (7168K)
 Metaspace       used 130422K, committed 132736K, reserved 1179648K
  class space    used 17127K, committed 18304K, reserved 1048576K
}
Event: 291.220 GC heap before
{Heap before GC invocations=31 (full 0):
 garbage-first heap   total 334848K, used 303896K [0x0000000080000000, 0x0000000100000000)
  region size 1024K, 151 young (154624K), 7 survivors (7168K)
 Metaspace       used 130909K, committed 133248K, reserved 1179648K
  class space    used 17150K, committed 18368K, reserved 1048576K
}
Event: 291.228 GC heap after
{Heap after GC invocations=32 (full 0):
 garbage-first heap   total 334848K, used 167238K [0x0000000080000000, 0x0000000100000000)
  region size 1024K, 16 young (16384K), 16 survivors (16384K)
 Metaspace       used 130909K, committed 133248K, reserved 1179648K
  class space    used 17150K, committed 18368K, reserved 1048576K
}
Event: 301.003 GC heap before
{Heap before GC invocations=33 (full 0):
 garbage-first heap   total 334848K, used 299334K [0x0000000080000000, 0x0000000100000000)
  region size 1024K, 146 young (149504K), 16 survivors (16384K)
 Metaspace       used 135539K, committed 137920K, reserved 1179648K
  class space    used 17761K, committed 19008K, reserved 1048576K
}
Event: 301.018 GC heap after
{Heap after GC invocations=34 (full 0):
 garbage-first heap   total 334848K, used 177708K [0x0000000080000000, 0x0000000100000000)
  region size 1024K, 12 young (12288K), 12 survivors (12288K)
 Metaspace       used 135539K, committed 137920K, reserved 1179648K
  class space    used 17761K, committed 19008K, reserved 1048576K
}
Event: 301.902 GC heap before
{Heap before GC invocations=34 (full 0):
 garbage-first heap   total 334848K, used 302636K [0x0000000080000000, 0x0000000100000000)
  region size 1024K, 135 young (138240K), 12 survivors (12288K)
 Metaspace       used 146036K, committed 148416K, reserved 1179648K
  class space    used 19280K, committed 20480K, reserved 1048576K
}
Event: 301.914 GC heap after
{Heap after GC invocations=35 (full 0):
 garbage-first heap   total 334848K, used 174931K [0x0000000080000000, 0x0000000100000000)
  region size 1024K, 11 young (11264K), 11 survivors (11264K)
 Metaspace       used 146036K, committed 148416K, reserved 1179648K
  class space    used 19280K, committed 20480K, reserved 1048576K
}
Event: 302.672 GC heap before
{Heap before GC invocations=35 (full 0):
 garbage-first heap   total 334848K, used 277331K [0x0000000080000000, 0x0000000100000000)
  region size 1024K, 113 young (115712K), 11 survivors (11264K)
 Metaspace       used 154515K, committed 156928K, reserved 1245184K
  class space    used 20544K, committed 21760K, reserved 1048576K
}
Event: 302.679 GC heap after
{Heap after GC invocations=36 (full 0):
 garbage-first heap   total 334848K, used 178930K [0x0000000080000000, 0x0000000100000000)
  region size 1024K, 5 young (5120K), 5 survivors (5120K)
 Metaspace       used 154515K, committed 156928K, reserved 1245184K
  class space    used 20544K, committed 21760K, reserved 1048576K
}

